# JRE version: OpenJDK Runtime Environment Temurin-21.0.11+10 (21.0.11+10) (build 21.0.11+10-LTS)
# Java VM: OpenJDK 64-Bit Server VM Temurin-21.0.11+10 (21.0.11+10-LTS, mixed mode, sharing, tiered, compressed oops, compressed class ptrs, parallel gc, windows-amd64)
GC Precious Log:
 CardTable entry size: 512
 CPUs: 8 total, 8 available
 Memory: 7876M
 Large Page Support: Disabled
 NUMA Support: Disabled
 Compressed Oops: Enabled (32-bit)
 Alignments: Space 512K, Generation 512K, Heap 2M
 Heap Min Capacity: 100M
 Heap Initial Capacity: 100M
 Heap Max Capacity: 2G
 Pre-touch: Disabled
 Parallel Workers: 8
Heap:
 PSYoungGen      total 10240K, used 1607K [0x00000000d5580000, 0x00000000d6180000, 0x0000000100000000)
  eden space 9216K, 6% used [0x00000000d5580000,0x00000000d5619f18,0x00000000d5e80000)
  from space 1024K, 96% used [0x00000000d5f00000,0x00000000d5ff8000,0x00000000d6000000)
  to   space 1536K, 0% used [0x00000000d6000000,0x00000000d6000000,0x00000000d6180000)
 ParOldGen       total 912896K, used 912888K [0x0000000080000000, 0x00000000b7b80000, 0x00000000d5580000)
  object space 912896K, 99% used [0x0000000080000000,0x00000000b7b7e3c8,0x00000000b7b80000)
 Metaspace       used 108381K, committed 110272K, reserved 1179648K
  class space    used 10424K, committed 11328K, reserved 1048576K
GC Heap History (20 events):
Event: 173457.787 GC heap before
{Heap before GC invocations=18575 (full 42):
 PSYoungGen      total 6144K, used 6141K [0x00000000d5580000, 0x00000000d6480000, 0x0000000100000000)
  eden space 5120K, 100% used [0x00000000d5580000,0x00000000d5a80000,0x00000000d5a80000)
  from space 1024K, 99% used [0x00000000d6080000,0x00000000d617f678,0x00000000d6180000)
  to   space 3072K, 0% used [0x00000000d6180000,0x00000000d6180000,0x00000000d6480000)
 ParOldGen       total 901120K, used 901110K [0x0000000080000000, 0x00000000b7000000, 0x00000000d5580000)
  object space 901120K, 99% used [0x0000000080000000,0x00000000b6ffdb30,0x00000000b7000000)
 Metaspace       used 108270K, committed 110208K, reserved 1179648K
  class space    used 10406K, committed 11328K, reserved 1048576K
}
Event: 173457.790 GC heap after
{Heap after GC invocations=18575 (full 42):
 PSYoungGen      total 9216K, used 2995K [0x00000000d5580000, 0x00000000d6480000, 0x0000000100000000)
  eden space 6144K, 0% used [0x00000000d5580000,0x00000000d5580000,0x00000000d5b80000)
  from space 3072K, 97% used [0x00000000d6180000,0x00000000d646cc58,0x00000000d6480000)
  to   space 3584K, 0% used [0x00000000d5d80000,0x00000000d5d80000,0x00000000d6100000)
 ParOldGen       total 902144K, used 902141K [0x0000000080000000, 0x00000000b7100000, 0x00000000d5580000)
  object space 902144K, 99% used [0x0000000080000000,0x00000000b70ff430,0x00000000b7100000)
 Metaspace       used 108270K, committed 110208K, reserved 1179648K
  class space    used 10406K, committed 11328K, reserved 1048576K
}
Event: 173457.798 GC heap before
{Heap before GC invocations=18576 (full 42):
 PSYoungGen      total 9216K, used 9139K [0x00000000d5580000, 0x00000000d6480000, 0x0000000100000000)
  eden space 6144K, 100% used [0x00000000d5580000,0x00000000d5b80000,0x00000000d5b80000)
  from space 3072K, 97% used [0x00000000d6180000,0x00000000d646cc58,0x00000000d6480000)
  to   space 3584K, 0% used [0x00000000d5d80000,0x00000000d5d80000,0x00000000d6100000)
 ParOldGen       total 902144K, used 902141K [0x0000000080000000, 0x00000000b7100000, 0x00000000d5580000)
  object space 902144K, 99% used [0x0000000080000000,0x00000000b70ff430,0x00000000b7100000)
 Metaspace       used 108270K, committed 110208K, reserved 1179648K
  class space    used 10406K, committed 11328K, reserved 1048576K
}
Event: 173457.802 GC heap after
{Heap after GC invocations=18576 (full 42):
 PSYoungGen      total 8704K, used 704K [0x00000000d5580000, 0x00000000d6200000, 0x0000000100000000)
  eden space 7680K, 0% used [0x00000000d5580000,0x00000000d5580000,0x00000000d5d00000)
  from space 1024K, 68% used [0x00000000d5d80000,0x00000000d5e30000,0x00000000d5e80000)
  to   space 2048K, 0% used [0x00000000d6000000,0x00000000d6000000,0x00000000d6200000)
 ParOldGen       total 905216K, used 904969K [0x0000000080000000, 0x00000000b7400000, 0x00000000d5580000)
  object space 905216K, 99% used [0x0000000080000000,0x00000000b73c2608,0x00000000b7400000)
 Metaspace       used 108270K, committed 110208K, reserved 1179648K
  class space    used 10406K, committed 11328K, reserved 1048576K
}
Event: 173457.821 GC heap before
{Heap before GC invocations=18577 (full 42):
 PSYoungGen      total 8704K, used 8384K [0x00000000d5580000, 0x00000000d6200000, 0x0000000100000000)
  eden space 7680K, 100% used [0x00000000d5580000,0x00000000d5d00000,0x00000000d5d00000)
  from space 1024K, 68% used [0x00000000d5d80000,0x00000000d5e30000,0x00000000d5e80000)
  to   space 2048K, 0% used [0x00000000d6000000,0x00000000d6000000,0x00000000d6200000)
 ParOldGen       total 905216K, used 904969K [0x0000000080000000, 0x00000000b7400000, 0x00000000d5580000)
  object space 905216K, 99% used [0x0000000080000000,0x00000000b73c2608,0x00000000b7400000)
 Metaspace       used 108270K, committed 110208K, reserved 1179648K
  class space    used 10406K, committed 11328K, reserved 1048576K
}
Event: 173457.826 GC heap after
{Heap after GC invocations=18577 (full 42):
 PSYoungGen      total 10240K, used 736K [0x00000000d5580000, 0x00000000d6100000, 0x0000000100000000)
  eden space 9216K, 0% used [0x00000000d5580000,0x00000000d5580000,0x00000000d5e80000)
  from space 1024K, 71% used [0x00000000d6000000,0x00000000d60b8000,0x00000000d6100000)
  to   space 1024K, 0% used [0x00000000d5f00000,0x00000000d5f00000,0x00000000d6000000)
 ParOldGen       total 905728K, used 905513K [0x0000000080000000, 0x00000000b7480000, 0x00000000d5580000)
  object space 905728K, 99% used [0x0000000080000000,0x00000000b744a628,0x00000000b7480000)
 Metaspace       used 108270K, committed 110208K, reserved 1179648K
  class space    used 10406K, committed 11328K, reserved 1048576K
}
Event: 173457.868 GC heap before
{Heap before GC invocations=18578 (full 42):
 PSYoungGen      total 10240K, used 9952K [0x00000000d5580000, 0x00000000d6100000, 0x0000000100000000)
  eden space 9216K, 100% used [0x00000000d5580000,0x00000000d5e80000,0x00000000d5e80000)
  from space 1024K, 71% used [0x00000000d6000000,0x00000000d60b8000,0x00000000d6100000)
  to   space 1024K, 0% used [0x00000000d5f00000,0x00000000d5f00000,0x00000000d6000000)
 ParOldGen       total 905728K, used 905513K [0x0000000080000000, 0x00000000b7480000, 0x00000000d5580000)
  object space 905728K, 99% used [0x0000000080000000,0x00000000b744a628,0x00000000b7480000)
 Metaspace       used 108270K, committed 110208K, reserved 1179648K
  class space    used 10406K, committed 11328K, reserved 1048576K
}
Event: 173457.872 GC heap after
{Heap after GC invocations=18578 (full 42):
 PSYoungGen      total 10240K, used 1024K [0x00000000d5580000, 0x00000000d6480000, 0x0000000100000000)
  eden space 9216K, 0% used [0x00000000d5580000,0x00000000d5580000,0x00000000d5e80000)
  from space 1024K, 100% used [0x00000000d5f00000,0x00000000d6000000,0x00000000d6000000)
  to   space 3072K, 0% used [0x00000000d6180000,0x00000000d6180000,0x00000000d6480000)
 ParOldGen       total 907264K, used 907001K [0x0000000080000000, 0x00000000b7600000, 0x00000000d5580000)
  object space 907264K, 99% used [0x0000000080000000,0x00000000b75be6c8,0x00000000b7600000)
 Metaspace       used 108270K, committed 110208K, reserved 1179648K
  class space    used 10406K, committed 11328K, reserved 1048576K
}
Event: 173457.892 GC heap before
{Heap before GC invocations=18579 (full 42):
 PSYoungGen      total 10240K, used 10240K [0x00000000d5580000, 0x00000000d6480000, 0x0000000100000000)
  eden space 9216K, 100% used [0x00000000d5580000,0x00000000d5e80000,0x00000000d5e80000)
  from space 1024K, 100% used [0x00000000d5f00000,0x00000000d6000000,0x00000000d6000000)
  to   space 3072K, 0% used [0x00000000d6180000,0x00000000d6180000,0x00000000d6480000)
 ParOldGen       total 907264K, used 907001K [0x0000000080000000, 0x00000000b7600000, 0x00000000d5580000)
  object space 907264K, 99% used [0x0000000080000000,0x00000000b75be6c8,0x00000000b7600000)
 Metaspace       used 108270K, committed 110208K, reserved 1179648K
  class space    used 10406K, committed 11328K, reserved 1048576K
}
Event: 173457.895 GC heap after
{Heap after GC invocations=18579 (full 42):
 PSYoungGen      total 10240K, used 960K [0x00000000d5580000, 0x00000000d6280000, 0x0000000100000000)
  eden space 9216K, 0% used [0x00000000d5580000,0x00000000d5580000,0x00000000d5e80000)
  from space 1024K, 93% used [0x00000000d6180000,0x00000000d6270000,0x00000000d6280000)
  to   space 1536K, 0% used [0x00000000d5f80000,0x00000000d5f80000,0x00000000d6100000)
 ParOldGen       total 908288K, used 908058K [0x0000000080000000, 0x00000000b7700000, 0x00000000d5580000)
  object space 908288K, 99% used [0x0000000080000000,0x00000000b76c6840,0x00000000b7700000)
 Metaspace       used 108270K, committed 110208K, reserved 1179648K
  class space    used 10406K, committed 11328K, reserved 1048576K
}
Event: 173458.323 GC heap before
{Heap before GC invocations=18580 (full 42):
 PSYoungGen      total 10240K, used 10175K [0x00000000d5580000, 0x00000000d6280000, 0x0000000100000000)
  eden space 9216K, 99% used [0x00000000d5580000,0x00000000d5e7fff0,0x00000000d5e80000)
  from space 1024K, 93% used [0x00000000d6180000,0x00000000d6270000,0x00000000d6280000)
  to   space 1536K, 0% used [0x00000000d5f80000,0x00000000d5f80000,0x00000000d6100000)
 ParOldGen       total 908288K, used 908058K [0x0000000080000000, 0x00000000b7700000, 0x00000000d5580000)
  object space 908288K, 99% used [0x0000000080000000,0x00000000b76c6840,0x00000000b7700000)
 Metaspace       used 108270K, committed 110208K, reserved 1179648K
  class space    used 10406K, committed 11328K, reserved 1048576K
}
Event: 173458.327 GC heap after
{Heap after GC invocations=18580 (full 42):
 PSYoungGen      total 10752K, used 1300K [0x00000000d5580000, 0x00000000d6200000, 0x0000000100000000)
  eden space 9216K, 0% used [0x00000000d5580000,0x00000000d5580000,0x00000000d5e80000)
  from space 1536K, 84% used [0x00000000d5f80000,0x00000000d60c5200,0x00000000d6100000)
  to   space 1024K, 0% used [0x00000000d6100000,0x00000000d6100000,0x00000000d6200000)
 ParOldGen       total 909312K, used 908914K [0x0000000080000000, 0x00000000b7800000, 0x00000000d5580000)
  object space 909312K, 99% used [0x0000000080000000,0x00000000b779c900,0x00000000b7800000)
 Metaspace       used 108270K, committed 110208K, reserved 1179648K
  class space    used 10406K, committed 11328K, reserved 1048576K
}
Event: 173458.334 GC heap before
{Heap before GC invocations=18581 (full 42):
 PSYoungGen      total 10752K, used 10516K [0x00000000d5580000, 0x00000000d6200000, 0x0000000100000000)
  eden space 9216K, 100% used [0x00000000d5580000,0x00000000d5e80000,0x00000000d5e80000)
  from space 1536K, 84% used [0x00000000d5f80000,0x00000000d60c5200,0x00000000d6100000)
  to   space 1024K, 0% used [0x00000000d6100000,0x00000000d6100000,0x00000000d6200000)
 ParOldGen       total 909312K, used 908914K [0x0000000080000000, 0x00000000b7800000, 0x00000000d5580000)
  object space 909312K, 99% used [0x0000000080000000,0x00000000b779c900,0x00000000b7800000)
 Metaspace       used 108270K, committed 110208K, reserved 1179648K
  class space    used 10406K, committed 11328K, reserved 1048576K
}
Event: 173458.337 GC heap after
{Heap after GC invocations=18581 (full 42):
 PSYoungGen      total 10240K, used 832K [0x00000000d5580000, 0x00000000d6200000, 0x0000000100000000)
  eden space 9216K, 0% used [0x00000000d5580000,0x00000000d5580000,0x00000000d5e80000)
  from space 1024K, 81% used [0x00000000d6100000,0x00000000d61d0000,0x00000000d6200000)
  to   space 1024K, 0% used [0x00000000d6000000,0x00000000d6000000,0x00000000d6100000)
 ParOldGen       total 910336K, used 910051K [0x0000000080000000, 0x00000000b7900000, 0x00000000d5580000)
  object space 910336K, 99% used [0x0000000080000000,0x00000000b78b8cc8,0x00000000b7900000)
 Metaspace       used 108270K, committed 110208K, reserved 1179648K
  class space    used 10406K, committed 11328K, reserved 1048576K
}
Event: 173458.376 GC heap before
{Heap before GC invocations=18582 (full 42):
 PSYoungGen      total 10240K, used 10048K [0x00000000d5580000, 0x00000000d6200000, 0x0000000100000000)
  eden space 9216K, 100% used [0x00000000d5580000,0x00000000d5e80000,0x00000000d5e80000)
  from space 1024K, 81% used [0x00000000d6100000,0x00000000d61d0000,0x00000000d6200000)
  to   space 1024K, 0% used [0x00000000d6000000,0x00000000d6000000,0x00000000d6100000)
 ParOldGen       total 910336K, used 910051K [0x0000000080000000, 0x00000000b7900000, 0x00000000d5580000)
  object space 910336K, 99% used [0x0000000080000000,0x00000000b78b8cc8,0x00000000b7900000)
 Metaspace       used 108270K, committed 110208K, reserved 1179648K
  class space    used 10406K, committed 11328K, reserved 1048576K
}
Event: 173458.381 GC heap after
{Heap after GC invocations=18582 (full 42):
 PSYoungGen      total 10240K, used 1018K [0x00000000d5580000, 0x00000000d6380000, 0x0000000100000000)
  eden space 9216K, 0% used [0x00000000d5580000,0x00000000d5580000,0x00000000d5e80000)
  from space 1024K, 99% used [0x00000000d6000000,0x00000000d60fe900,0x00000000d6100000)
  to   space 2560K, 0% used [0x00000000d6100000,0x00000000d6100000,0x00000000d6380000)
 ParOldGen       total 911360K, used 911217K [0x0000000080000000, 0x00000000b7a00000, 0x00000000d5580000)
  object space 911360K, 99% used [0x0000000080000000,0x00000000b79dc6d8,0x00000000b7a00000)
 Metaspace       used 108270K, committed 110208K, reserved 1179648K
  class space    used 10406K, committed 11328K, reserved 1048576K
}
Event: 173458.401 GC heap before
{Heap before GC invocations=18583 (full 42):
 PSYoungGen      total 10240K, used 10234K [0x00000000d5580000, 0x00000000d6380000, 0x0000000100000000)
  eden space 9216K, 100% used [0x00000000d5580000,0x00000000d5e80000,0x00000000d5e80000)
  from space 1024K, 99% used [0x00000000d6000000,0x00000000d60fe900,0x00000000d6100000)
  to   space 2560K, 0% used [0x00000000d6100000,0x00000000d6100000,0x00000000d6380000)
 ParOldGen       total 911360K, used 911217K [0x0000000080000000, 0x00000000b7a00000, 0x00000000d5580000)
  object space 911360K, 99% used [0x0000000080000000,0x00000000b79dc6d8,0x00000000b7a00000)
 Metaspace       used 108270K, committed 110208K, reserved 1179648K
  class space    used 10406K, committed 11328K, reserved 1048576K
}
Event: 173458.406 GC heap after
{Heap after GC invocations=18583 (full 42):
 PSYoungGen      total 10240K, used 800K [0x00000000d5580000, 0x00000000d6200000, 0x0000000100000000)
  eden space 9216K, 0% used [0x00000000d5580000,0x00000000d5580000,0x00000000d5e80000)
  from space 1024K, 78% used [0x00000000d6100000,0x00000000d61c8000,0x00000000d6200000)
  to   space 1536K, 0% used [0x00000000d5f00000,0x00000000d5f00000,0x00000000d6080000)
 ParOldGen       total 912384K, used 912236K [0x0000000080000000, 0x00000000b7b00000, 0x00000000d5580000)
  object space 912384K, 99% used [0x0000000080000000,0x00000000b7adb2f8,0x00000000b7b00000)
 Metaspace       used 108270K, committed 110208K, reserved 1179648K
  class space    used 10406K, committed 11328K, reserved 1048576K
}
Event: 174004.254 GC heap before
{Heap before GC invocations=18584 (full 42):
 PSYoungGen      total 10240K, used 10016K [0x00000000d5580000, 0x00000000d6200000, 0x0000000100000000)
  eden space 9216K, 100% used [0x00000000d5580000,0x00000000d5e80000,0x00000000d5e80000)
  from space 1024K, 78% used [0x00000000d6100000,0x00000000d61c8000,0x00000000d6200000)
  to   space 1536K, 0% used [0x00000000d5f00000,0x00000000d5f00000,0x00000000d6080000)
 ParOldGen       total 912384K, used 912236K [0x0000000080000000, 0x00000000b7b00000, 0x00000000d5580000)
  object space 912384K, 99% used [0x0000000080000000,0x00000000b7adb2f8,0x00000000b7b00000)
 Metaspace       used 108381K, committed 110272K, reserved 1179648K
  class space    used 10424K, committed 11328K, reserved 1048576K
}
Event: 174004.550 GC heap after
{Heap after GC invocations=18584 (full 42):
 PSYoungGen      total 10240K, used 992K [0x00000000d5580000, 0x00000000d6180000, 0x0000000100000000)
  eden space 9216K, 0% used [0x00000000d5580000,0x00000000d5580000,0x00000000d5e80000)
  from space 1024K, 96% used [0x00000000d5f00000,0x00000000d5ff8000,0x00000000d6000000)
  to   space 1536K, 0% used [0x00000000d6000000,0x00000000d6000000,0x00000000d6180000)
 ParOldGen       total 912896K, used 912888K [0x0000000080000000, 0x00000000b7b80000, 0x00000000d5580000)
  object space 912896K, 99% used [0x0000000080000000,0x00000000b7b7e3c8,0x00000000b7b80000)
 Metaspace       used 108381K, committed 110272K, reserved 1179648K
  class space    used 10424K, committed 11328K, reserved 1048576K
}

